{"numTotalTestSuites":9,"numPassedTestSuites":9,"numFailedTestSuites":0,"numPendingTestSuites":0,"numTotalTests":36,"numPassedTests":36,"numFailedTests":0,"numPendingTests":0,"numTodoTests":0,"snapshot":{"added":0,"failure":false,"filesAdded":0,"filesRemoved":0,"filesRemovedList":[],"filesUnmatched":0,"filesUpdated":0,"matched":0,"total":0,"unchecked":0,"uncheckedKeysByFile":[],"unmatched":0,"updated":0,"didUpdate":false},"startTime":1775587654125,"success":true,"testResults":[{"assertionResults":[{"ancestorTitles":["Adaptief systeem — Module 1 progressie"],"fullName":"Adaptief systeem — Module 1 progressie 5 correct op rij → meer woordblokken","status":"passed","title":"5 correct op rij → meer woordblokken","duration":0.7781250000000455,"failureMessages":[],"meta":{},"tags":[]},{"ancestorTitles":["Adaptief systeem — Module 1 progressie"],"fullName":"Adaptief systeem — Module 1 progressie 5 correct met max woorden → level omhoog","status":"passed","title":"5 correct met max woorden → level omhoog","duration":0.1044170000000122,"failureMessages":[],"meta":{},"tags":[]},{"ancestorTitles":["Adaptief systeem — Module 1 progressie"],"fullName":"Adaptief systeem — Module 1 progressie 3 correct — niet genoeg voor doorgang","status":"passed","title":"3 correct — niet genoeg voor doorgang","duration":0.08766700000001038,"failureMessages":[],"meta":{},"tags":[]},{"ancestorTitles":["Adaptief systeem — Module 1 progressie"],"fullName":"Adaptief systeem — Module 1 progressie 2 fouten op rij → minder woordblokken","status":"passed","title":"2 fouten op rij → minder woordblokken","duration":0.08020800000008421,"failureMessages":[],"meta":{},"tags":[]},{"ancestorTitles":["Adaptief systeem — Module 1 progressie"],"fullName":"Adaptief systeem — Module 1 progressie 2 fouten op minimum → level terug","status":"passed","title":"2 fouten op minimum → level terug","duration":0.06770900000003621,"failureMessages":[],"meta":{},"tags":[]},{"ancestorTitles":["Adaptief systeem — Module 1 progressie"],"fullName":"Adaptief systeem — Module 1 progressie minimaal aantal woorden nooit onder 2","status":"passed","title":"minimaal aantal woorden nooit onder 2","duration":0.20133399999997437,"failureMessages":[],"meta":{},"tags":[]},{"ancestorTitles":["Adaptief systeem — Module 1 progressie"],"fullName":"Adaptief systeem — Module 1 progressie maximaal aantal woorden nooit boven level-max","status":"passed","title":"maximaal aantal woorden nooit boven level-max","duration":0.09866599999998016,"failureMessages":[],"meta":{},"tags":[]},{"ancestorTitles":["Adaptief systeem — Module 1 progressie"],"fullName":"Adaptief systeem — Module 1 progressie al op max level en max woorden: geen wijziging","status":"passed","title":"al op max level en max woorden: geen wijziging","duration":0.08854199999996126,"failureMessages":[],"meta":{},"tags":[]},{"ancestorTitles":["Adaptief systeem — Patroon herkennen"],"fullName":"Adaptief systeem — Patroon herkennen 3 correct op rij → moeilijker niveau","status":"passed","title":"3 correct op rij → moeilijker niveau","duration":0.09350000000006276,"failureMessages":[],"meta":{},"tags":[]},{"ancestorTitles":["Adaptief systeem — Patroon herkennen"],"fullName":"Adaptief systeem — Patroon herkennen 2 fouten op rij → makkelijker niveau","status":"passed","title":"2 fouten op rij → makkelijker niveau","duration":0.07970799999998235,"failureMessages":[],"meta":{},"tags":[]},{"ancestorTitles":["Adaptief systeem — Patroon herkennen"],"fullName":"Adaptief systeem — Patroon herkennen moeilijkheid nooit onder 0","status":"passed","title":"moeilijkheid nooit onder 0","duration":0.05299999999999727,"failureMessages":[],"meta":{},"tags":[]},{"ancestorTitles":["Adaptief systeem — Patroon herkennen"],"fullName":"Adaptief systeem — Patroon herkennen moeilijkheid nooit boven maximum","status":"passed","title":"moeilijkheid nooit boven maximum","duration":0.05320799999992687,"failureMessages":[],"meta":{},"tags":[]}],"startTime":1775587655111,"endTime":1775587655113.0935,"status":"passed","message":"","name":"/Users/rogier/Documents/Claud_AI/School_project_Filippa/woordjes-lezen/tests/unit/adaptief.test.js"},{"assertionResults":[{"ancestorTitles":["Klokkijken — tijdopties genereren"],"fullName":"Klokkijken — tijdopties genereren genereer_tijdopties_heel_uur(3) → bevat \"3 uur\"","status":"passed","title":"genereer_tijdopties_heel_uur(3) → bevat \"3 uur\"","duration":1.1008339999999635,"failureMessages":[],"meta":{},"tags":[]},{"ancestorTitles":["Klokkijken — tijdopties genereren"],"fullName":"Klokkijken — tijdopties genereren 3 opties gegenereerd voor heel uur","status":"passed","title":"3 opties gegenereerd voor heel uur","duration":0.2862089999999853,"failureMessages":[],"meta":{},"tags":[]},{"ancestorTitles":["Klokkijken — tijdopties genereren"],"fullName":"Klokkijken — tijdopties genereren opties bevatten altijd \"uur\" bij fase 1","status":"passed","title":"opties bevatten altijd \"uur\" bij fase 1","duration":0.5092079999999441,"failureMessages":[],"meta":{},"tags":[]},{"ancestorTitles":["Klokkijken — tijdopties genereren"],"fullName":"Klokkijken — tijdopties genereren opties_nooit_negatief: uren altijd tussen 1 en 12","status":"passed","title":"opties_nooit_negatief: uren altijd tussen 1 en 12","duration":1.0671670000000404,"failureMessages":[],"meta":{},"tags":[]},{"ancestorTitles":["Klokkijken — tijdopties genereren"],"fullName":"Klokkijken — tijdopties genereren opties_altijd_verschillend: geen duplicaten in één ronde","status":"passed","title":"opties_altijd_verschillend: geen duplicaten in één ronde","duration":1.8206250000000637,"failureMessages":[],"meta":{},"tags":[]},{"ancestorTitles":["Klokkijken — tijdopties genereren"],"fullName":"Klokkijken — tijdopties genereren fase 2 (halve uren) → opties bevatten \"half\" of \"uur\"","status":"passed","title":"fase 2 (halve uren) → opties bevatten \"half\" of \"uur\"","duration":0.33462499999996,"failureMessages":[],"meta":{},"tags":[]},{"ancestorTitles":["Klokkijken — tijdopties genereren"],"fullName":"Klokkijken — tijdopties genereren half 1 na 12 uur klopt (12:30 → half 1)","status":"passed","title":"half 1 na 12 uur klopt (12:30 → half 1)","duration":0.13162500000009913,"failureMessages":[],"meta":{},"tags":[]},{"ancestorTitles":["Klokkijken — tijdopties genereren"],"fullName":"Klokkijken — tijdopties genereren half 13 bestaat niet: uur 12 half → half 1","status":"passed","title":"half 13 bestaat niet: uur 12 half → half 1","duration":0.16316700000004403,"failureMessages":[],"meta":{},"tags":[]}],"startTime":1775587655111,"endTime":1775587655117.163,"status":"passed","message":"","name":"/Users/rogier/Documents/Claud_AI/School_project_Filippa/woordjes-lezen/tests/unit/klok.test.js"},{"assertionResults":[{"ancestorTitles":["Simon kleurenreeks — reekslogica"],"fullName":"Simon kleurenreeks — reekslogica reeks_groeit_na_goed_antwoord: lengte +1 per correcte ronde","status":"passed","title":"reeks_groeit_na_goed_antwoord: lengte +1 per correcte ronde","duration":0.8349160000000211,"failureMessages":[],"meta":{},"tags":[]},{"ancestorTitles":["Simon kleurenreeks — reekslogica"],"fullName":"Simon kleurenreeks — reekslogica na 3 correcte rondes: reeks is 3 langer dan start","status":"passed","title":"na 3 correcte rondes: reeks is 3 langer dan start","duration":0.09991700000000492,"failureMessages":[],"meta":{},"tags":[]},{"ancestorTitles":["Simon kleurenreeks — reekslogica"],"fullName":"Simon kleurenreeks — reekslogica reeks_krimpt_na_2_fouten: lengte -1, minimum 1","status":"passed","title":"reeks_krimpt_na_2_fouten: lengte -1, minimum 1","duration":0.09933399999999892,"failureMessages":[],"meta":{},"tags":[]},{"ancestorTitles":["Simon kleurenreeks — reekslogica"],"fullName":"Simon kleurenreeks — reekslogica reeks krimpt niet bij slechts 1 fout","status":"passed","title":"reeks krimpt niet bij slechts 1 fout","duration":0.06562500000006821,"failureMessages":[],"meta":{},"tags":[]},{"ancestorTitles":["Simon kleurenreeks — reekslogica"],"fullName":"Simon kleurenreeks — reekslogica nieuwe_kleur_na_reeks_van_5: kleur toevoegen elke 5 correct","status":"passed","title":"nieuwe_kleur_na_reeks_van_5: kleur toevoegen elke 5 correct","duration":0.06862499999999727,"failureMessages":[],"meta":{},"tags":[]},{"ancestorTitles":["Simon kleurenreeks — reekslogica"],"fullName":"Simon kleurenreeks — reekslogica maximum 4 kleuren (ALL_COLORS.length)","status":"passed","title":"maximum 4 kleuren (ALL_COLORS.length)","duration":0.053958000000079664,"failureMessages":[],"meta":{},"tags":[]},{"ancestorTitles":["Simon kleurenreeks — reekslogica"],"fullName":"Simon kleurenreeks — reekslogica geen nieuwe kleur bij consecutiveCorrect niet deelbaar door 5","status":"passed","title":"geen nieuwe kleur bij consecutiveCorrect niet deelbaar door 5","duration":0.14516600000001745,"failureMessages":[],"meta":{},"tags":[]},{"ancestorTitles":["Simon kleurenreeks — reekslogica"],"fullName":"Simon kleurenreeks — reekslogica minimaal 2 kleuren altijd zichtbaar (MIN_COLORS)","status":"passed","title":"minimaal 2 kleuren altijd zichtbaar (MIN_COLORS)","duration":0.09591599999998834,"failureMessages":[],"meta":{},"tags":[]},{"ancestorTitles":["Simon kleurenreeks — reekslogica"],"fullName":"Simon kleurenreeks — reekslogica reeks bevat alleen geldige kleuren","status":"passed","title":"reeks bevat alleen geldige kleuren","duration":0.12983300000007603,"failureMessages":[],"meta":{},"tags":[]}],"startTime":1775587655112,"endTime":1775587655113.1453,"status":"passed","message":"","name":"/Users/rogier/Documents/Claud_AI/School_project_Filippa/woordjes-lezen/tests/unit/reeks.test.js"},{"assertionResults":[{"ancestorTitles":["Streak systeem"],"fullName":"Streak systeem eerste keer gespeeld → streak = 1","status":"passed","title":"eerste keer gespeeld → streak = 1","duration":0.744583999999918,"failureMessages":[],"meta":{},"tags":[]},{"ancestorTitles":["Streak systeem"],"fullName":"Streak systeem gisteren gespeeld → streak + 1","status":"passed","title":"gisteren gespeeld → streak + 1","duration":0.26404200000001765,"failureMessages":[],"meta":{},"tags":[]},{"ancestorTitles":["Streak systeem"],"fullName":"Streak systeem vandaag al gespeeld → streak ongewijzigd","status":"passed","title":"vandaag al gespeeld → streak ongewijzigd","duration":0.09529199999997218,"failureMessages":[],"meta":{},"tags":[]},{"ancestorTitles":["Streak systeem"],"fullName":"Streak systeem 2 dagen geleden gespeeld → streak reset naar 1","status":"passed","title":"2 dagen geleden gespeeld → streak reset naar 1","duration":0.0827080000000251,"failureMessages":[],"meta":{},"tags":[]},{"ancestorTitles":["Streak systeem"],"fullName":"Streak systeem week geleden gespeeld → streak reset naar 1","status":"passed","title":"week geleden gespeeld → streak reset naar 1","duration":0.06758300000001327,"failureMessages":[],"meta":{},"tags":[]},{"ancestorTitles":["Streak systeem"],"fullName":"Streak systeem streak bouwt meerdere dagen op","status":"passed","title":"streak bouwt meerdere dagen op","duration":0.07395800000006147,"failureMessages":[],"meta":{},"tags":[]},{"ancestorTitles":["Streak systeem"],"fullName":"Streak systeem onderbreking reset streak; opbouw daarna opnieuw","status":"passed","title":"onderbreking reset streak; opbouw daarna opnieuw","duration":0.07491700000002766,"failureMessages":[],"meta":{},"tags":[]}],"startTime":1775587655111,"endTime":1775587655113.075,"status":"passed","message":"","name":"/Users/rogier/Documents/Claud_AI/School_project_Filippa/woordjes-lezen/tests/unit/streak.test.js"}]}